<?xml version="1.0" encoding="UTF-8"?>
<!-- Generated by org.testng.reporters.JUnitReportReporter -->
<testsuite hostname="DESKTOP-IPELP4C" failures="0" tests="3" name="swagLab.ExamClass" time="10.543" errors="0" timestamp="2023-12-06T17:05:33 EET" skipped="2">
  <testcase classname="swagLab.ExamClass" name="SignUp" time="10.543"/>
  <system-out/>
  <testcase classname="swagLab.ExamClass" name="logoutTest">
    <skipped/>
  </testcase> <!-- logoutTest -->
  <system-out/>
  <testcase classname="swagLab.ExamClass" name="Login">
    <skipped/>
  </testcase> <!-- Login -->
  <system-out/>
</testsuite> <!-- swagLab.ExamClass -->
