<?xml version="1.0" encoding="UTF-8"?>
<!-- Generated by org.testng.reporters.JUnitReportReporter -->
<testsuite hostname="DESKTOP-IPELP4C" failures="0" tests="3" name="swagLab.TestCases" time="2.628" errors="0" timestamp="2023-12-02T16:54:32 EET" skipped="0">
  <testcase classname="swagLab.TestCases" name="loginTest" time="1.911"/>
  <system-out/>
  <testcase classname="swagLab.TestCases" name="PrintItem" time="0.354"/>
  <system-out/>
  <testcase classname="swagLab.TestCases" name="PrintAllItem" time="0.363"/>
  <system-out/>
</testsuite> <!-- swagLab.TestCases -->
